<?xml version="1.0" encoding="UTF-8"?>
<!-- Generated by org.testng.reporters.JUnitReportReporter -->
<testsuite hostname="DESKTOP-7RM5OTU" failures="0" tests="1" name="com.arbeit.salesOrder.CreateSalesTest" time="15.592" errors="0" timestamp="2021-09-14T03:38:21 PDT" skipped="0">
  <testcase classname="com.arbeit.salesOrder.CreateSalesTest" name="createsales" time="15.592"/>
  <system-out/>
</testsuite> <!-- com.arbeit.salesOrder.CreateSalesTest -->
