<?xml version="1.0" encoding="UTF-8"?>
<!-- Generated by org.testng.reporters.JUnitReportReporter -->
<testsuite hostname="DESKTOP-7RM5OTU" failures="0" tests="1" name="com.arbeit.salesOrder.CreateSalesTest" time="23.364" errors="0" timestamp="2021-09-05T23:17:29 PDT" skipped="0">
  <testcase classname="com.arbeit.salesOrder.CreateSalesTest" name="createsales" time="23.364"/>
  <system-out/>
</testsuite> <!-- com.arbeit.salesOrder.CreateSalesTest -->
