<?xml version="1.0" encoding="UTF-8"?>
<!-- Generated by org.testng.reporters.JUnitReportReporter -->
<testsuite hostname="DESKTOP-7RM5OTU" failures="0" tests="1" name="com.arbeit.salesOrder.ViewSalesListTest" time="4.431" errors="0" timestamp="2021-09-04T00:53:12 PDT" skipped="0">
  <testcase classname="com.arbeit.salesOrder.ViewSalesListTest" name="SalesTest" time="4.431"/>
  <system-out/>
</testsuite> <!-- com.arbeit.salesOrder.ViewSalesListTest -->
