<?xml version="1.0" encoding="UTF-8"?>
<!-- Generated by org.testng.reporters.JUnitReportReporter -->
<testsuite hostname="DESKTOP-7RM5OTU" failures="0" tests="1" name="com.arbeit.salesOrder.CreateSalesTest" time="6.192" errors="0" timestamp="2021-09-03T23:47:18 PDT" skipped="0">
  <testcase classname="com.arbeit.salesOrder.CreateSalesTest" name="createsales" time="6.192"/>
  <system-out/>
</testsuite> <!-- com.arbeit.salesOrder.CreateSalesTest -->
