<?xml version="1.0" encoding="UTF-8"?>
<!-- Generated by org.testng.reporters.JUnitReportReporter -->
<testsuite hostname="DESKTOP-7RM5OTU" failures="0" tests="1" name="com.arbeit.salesOrder.CreateSalesOrderTest" time="0.021" errors="0" timestamp="2021-09-02T00:36:50 PDT" skipped="0">
  <testcase classname="com.arbeit.salesOrder.CreateSalesOrderTest" name="run" time="0.021"/>
  <system-out>
    <![CDATA[Running Succesfully]]>
  </system-out>
</testsuite> <!-- com.arbeit.salesOrder.CreateSalesOrderTest -->
